0 info it worked if it ends with ok
1 verbose cli [ 'C:\\Program Files\\nodejs\\node.exe',
1 verbose cli   'C:\\Program Files\\nodejs\\node_modules\\npm\\bin\\npm-cli.js',
1 verbose cli   'run',
1 verbose cli   'build' ]
2 info using npm@3.10.10
3 info using node@v6.10.2
4 verbose run-script [ 'prebuild', 'build', 'postbuild' ]
5 info lifecycle capgo@1.0.0~prebuild: capgo@1.0.0
6 verbose lifecycle capgo@1.0.0~prebuild: unsafe-perm in lifecycle true
7 verbose lifecycle capgo@1.0.0~prebuild: PATH: C:\Program Files\nodejs\node_modules\npm\bin\node-gyp-bin;D:\Workspace\CAP-golang\node_modules\.bin;C:\Program Files\Docker\Docker\Resources\bin;C:\ProgramData\Oracle\Java\javapath;C:\WINDOWS\system32;C:\WINDOWS;C:\WINDOWS\System32\Wbem;C:\WINDOWS\System32\WindowsPowerShell\v1.0\;C:\Program Files\Git\cmd;C:\Program Files\Microsoft SQL Server\130\Tools\Binn\;C:\Program Files\dotnet\;C:\Program Files\nodejs\;C:\WINDOWS\system32\config\systemprofile\.dnx\bin;C:\Program Files\Microsoft DNX\Dnvm\;C:\Program Files (x86)\Microsoft SQL Server\Client SDK\ODBC\130\Tools\Binn\;C:\Program Files (x86)\Microsoft SQL Server\140\Tools\Binn\;C:\Program Files (x86)\Microsoft SQL Server\140\DTS\Binn\;C:\Program Files (x86)\Microsoft SQL Server\140\Tools\Binn\ManagementStudio\;C:\Program Files (x86)\Yarn\bin;C:\Go\bin;C:\Users\hongyanshen\.dnx\runtimes\dnx-coreclr-win-x86.1.0.0-rc1-update2\bin;C:\Users\hongyanshen\.dnx\bin;C:\Users\hongyanshen\AppData\Local\Programs\Python\Python36\Scripts\;C:\Users\hongyanshen\AppData\Local\Programs\Python\Python36\;C:\Users\hongyanshen\AppData\Local\Microsoft\WindowsApps;C:\Users\hongyanshen\AppData\Roaming\npm;C:\Users\hongyanshen\AppData\Local\Yarn\bin;C:\Users\hongyanshen\AppData\Local\Programs\Fiddler;D:\Program Files\Microsoft VS Code\bin
8 verbose lifecycle capgo@1.0.0~prebuild: CWD: D:\Workspace\CAP-golang
9 silly lifecycle capgo@1.0.0~prebuild: Args: [ '/d /s /c', 'npm run restore' ]
10 silly lifecycle capgo@1.0.0~prebuild: Returned: code: 0  signal: null
11 info lifecycle capgo@1.0.0~build: capgo@1.0.0
12 verbose lifecycle capgo@1.0.0~build: unsafe-perm in lifecycle true
13 verbose lifecycle capgo@1.0.0~build: PATH: C:\Program Files\nodejs\node_modules\npm\bin\node-gyp-bin;D:\Workspace\CAP-golang\node_modules\.bin;C:\Program Files\Docker\Docker\Resources\bin;C:\ProgramData\Oracle\Java\javapath;C:\WINDOWS\system32;C:\WINDOWS;C:\WINDOWS\System32\Wbem;C:\WINDOWS\System32\WindowsPowerShell\v1.0\;C:\Program Files\Git\cmd;C:\Program Files\Microsoft SQL Server\130\Tools\Binn\;C:\Program Files\dotnet\;C:\Program Files\nodejs\;C:\WINDOWS\system32\config\systemprofile\.dnx\bin;C:\Program Files\Microsoft DNX\Dnvm\;C:\Program Files (x86)\Microsoft SQL Server\Client SDK\ODBC\130\Tools\Binn\;C:\Program Files (x86)\Microsoft SQL Server\140\Tools\Binn\;C:\Program Files (x86)\Microsoft SQL Server\140\DTS\Binn\;C:\Program Files (x86)\Microsoft SQL Server\140\Tools\Binn\ManagementStudio\;C:\Program Files (x86)\Yarn\bin;C:\Go\bin;C:\Users\hongyanshen\.dnx\runtimes\dnx-coreclr-win-x86.1.0.0-rc1-update2\bin;C:\Users\hongyanshen\.dnx\bin;C:\Users\hongyanshen\AppData\Local\Programs\Python\Python36\Scripts\;C:\Users\hongyanshen\AppData\Local\Programs\Python\Python36\;C:\Users\hongyanshen\AppData\Local\Microsoft\WindowsApps;C:\Users\hongyanshen\AppData\Roaming\npm;C:\Users\hongyanshen\AppData\Local\Yarn\bin;C:\Users\hongyanshen\AppData\Local\Programs\Fiddler;D:\Program Files\Microsoft VS Code\bin
14 verbose lifecycle capgo@1.0.0~build: CWD: D:\Workspace\CAP-golang
15 silly lifecycle capgo@1.0.0~build: Args: [ '/d /s /c',
15 silly lifecycle   'go build . && go build ./mysql && go build ./rabbitmq' ]
16 silly lifecycle capgo@1.0.0~build: Returned: code: 2  signal: null
17 info lifecycle capgo@1.0.0~build: Failed to exec build script
18 verbose stack Error: capgo@1.0.0 build: `go build . && go build ./mysql && go build ./rabbitmq`
18 verbose stack Exit status 2
18 verbose stack     at EventEmitter.<anonymous> (C:\Program Files\nodejs\node_modules\npm\lib\utils\lifecycle.js:255:16)
18 verbose stack     at emitTwo (events.js:106:13)
18 verbose stack     at EventEmitter.emit (events.js:191:7)
18 verbose stack     at ChildProcess.<anonymous> (C:\Program Files\nodejs\node_modules\npm\lib\utils\spawn.js:40:14)
18 verbose stack     at emitTwo (events.js:106:13)
18 verbose stack     at ChildProcess.emit (events.js:191:7)
18 verbose stack     at maybeClose (internal/child_process.js:886:16)
18 verbose stack     at Process.ChildProcess._handle.onexit (internal/child_process.js:226:5)
19 verbose pkgid capgo@1.0.0
20 verbose cwd D:\Workspace\CAP-golang
21 error Windows_NT 10.0.15063
22 error argv "C:\\Program Files\\nodejs\\node.exe" "C:\\Program Files\\nodejs\\node_modules\\npm\\bin\\npm-cli.js" "run" "build"
23 error node v6.10.2
24 error npm  v3.10.10
25 error code ELIFECYCLE
26 error capgo@1.0.0 build: `go build . && go build ./mysql && go build ./rabbitmq`
26 error Exit status 2
27 error Failed at the capgo@1.0.0 build script 'go build . && go build ./mysql && go build ./rabbitmq'.
27 error Make sure you have the latest version of node.js and npm installed.
27 error If you do, this is most likely a problem with the capgo package,
27 error not with npm itself.
27 error Tell the author that this fails on your system:
27 error     go build . && go build ./mysql && go build ./rabbitmq
27 error You can get information on how to open an issue for this project with:
27 error     npm bugs capgo
27 error Or if that isn't available, you can get their info via:
27 error     npm owner ls capgo
27 error There is likely additional logging output above.
28 verbose exit [ 1, true ]
